INFO:root:list info: ['task_5_2.py', 'task_6_sample_list.py', 'task_5.py', 'hw_3_while.py', 'COVID19_open_line_list.csv', 'hw_7_2.log', 'hw_6_main_json.py', 'task_4.py', 'quadratic_solution_json.log', 'task_6_main.py', 'equation_data_v3.json', 'hw_7.py', 'quadratic_solution.log', 'hw_7_2.py', 'car_config.json', 'hw_6_sample_list.py', 'hw_6_main.py', 'app_test.log', 'hw_2.py', '__pycache__', 'hw_5_1.py', 'equation_data_v2.json', 'car_2_config.json', 'equation_data_v1.json', 'hw_6_quadratic_equation_json.py', 'task_6_sample_import.py', 'hw_5_2.py', 'base_python', 'hw_4.py', 'hw_3_quadratic.py', 'task_7_2.py', 'tests.py', 'task_6_sample_decorators.py', 'hw_6_quadratic_equation.py', 'task_7.py', 'hw_7_list.log', 'task_6.py', 'hw_3_for.py', 'task_6_quadratic_equation.py']
INFO:root:sort list & new string:COVID19_open_line_list.csv
INFO:root:sort list & new string:__pycache__
INFO:root:sort list & new string:app_test.log
INFO:root:sort list & new string:base_python
INFO:root:sort list & new string:car_2_config.json
INFO:root:sort list & new string:car_config.json
INFO:root:sort list & new string:equation_data_v1.json
INFO:root:sort list & new string:equation_data_v2.json
INFO:root:sort list & new string:equation_data_v3.json
INFO:root:sort list & new string:hw_2.py
INFO:root:sort list & new string:hw_3_for.py
INFO:root:sort list & new string:hw_3_quadratic.py
INFO:root:sort list & new string:hw_3_while.py
INFO:root:sort list & new string:hw_4.py
INFO:root:sort list & new string:hw_5_1.py
INFO:root:sort list & new string:hw_5_2.py
INFO:root:sort list & new string:hw_6_main.py
INFO:root:sort list & new string:hw_6_main_json.py
INFO:root:sort list & new string:hw_6_quadratic_equation.py
INFO:root:sort list & new string:hw_6_quadratic_equation_json.py
INFO:root:sort list & new string:hw_6_sample_list.py
INFO:root:sort list & new string:hw_7.py
INFO:root:sort list & new string:hw_7_2.log
INFO:root:sort list & new string:hw_7_2.py
INFO:root:sort list & new string:hw_7_list.log
INFO:root:sort list & new string:quadratic_solution.log
INFO:root:sort list & new string:quadratic_solution_json.log
INFO:root:sort list & new string:task_4.py
INFO:root:sort list & new string:task_5.py
INFO:root:sort list & new string:task_5_2.py
INFO:root:sort list & new string:task_6.py
INFO:root:sort list & new string:task_6_main.py
INFO:root:sort list & new string:task_6_quadratic_equation.py
INFO:root:sort list & new string:task_6_sample_decorators.py
INFO:root:sort list & new string:task_6_sample_import.py
INFO:root:sort list & new string:task_6_sample_list.py
INFO:root:sort list & new string:task_7.py
INFO:root:sort list & new string:task_7_2.py
INFO:root:sort list & new string:tests.py
INFO:root:amount of elements: 39
